TN:
SF:/Users/greg/Desktop/Universita/ASD/Esercitazioni_ASD/lcov-test/main.cpp
FN:7,_Z15GreatestOfThreeiii
FNDA:1,_Z15GreatestOfThreeiii
FN:20,main
FNDA:1,main
DA:7,1
DA:8,1
DA:9,0
DA:11,1
DA:12,0
DA:15,1
DA:18,1
DA:20,1
DA:24,1
DA:25,1
DA:26,1
FNF:2
FNH:2
LF:11
LH:9
end_of_record
SF:/Library/Developer/CommandLineTools/SDKs/MacOSX.sdk/usr/include/c++/v1/__locale
FN:252,_ZNSt3__1L9use_facetINS_5ctypeIcEEEERKT_RKNS_6localeE
FNDA:1,_ZNSt3__1L9use_facetINS_5ctypeIcEEEERKT_RKNS_6localeE
FN:697,_ZNKSt3__15ctypeIcE5widenEc
FNDA:1,_ZNKSt3__15ctypeIcE5widenEc
DA:252,1
DA:254,1
DA:697,1
DA:699,1
FNF:2
FNH:2
LF:4
LH:4
end_of_record
SF:/Library/Developer/CommandLineTools/SDKs/MacOSX.sdk/usr/include/c++/v1/ios
FN:764,_ZNKSt3__19basic_iosIcNS_11char_traitsIcEEE5widenEc
FNDA:1,_ZNKSt3__19basic_iosIcNS_11char_traitsIcEEE5widenEc
DA:764,1
DA:766,1
DA:767,0
FNF:1
FNH:1
LF:3
LH:2
end_of_record
SF:/Library/Developer/CommandLineTools/SDKs/MacOSX.sdk/usr/include/c++/v1/ostream
FN:188,_ZNSt3__113basic_ostreamIcNS_11char_traitsIcEEElsEPFRS3_S4_E
FNDA:1,_ZNSt3__113basic_ostreamIcNS_11char_traitsIcEEElsEPFRS3_S4_E
FN:992,_ZNSt3__14endlIcNS_11char_traitsIcEEEERNS_13basic_ostreamIT_T0_EES7_
FNDA:1,_ZNSt3__14endlIcNS_11char_traitsIcEEEERNS_13basic_ostreamIT_T0_EES7_
DA:188,1
DA:189,1
DA:992,1
DA:994,1
DA:995,1
DA:996,1
FNF:2
FNH:2
LF:6
LH:6
end_of_record
